app/build/intermediates/manifest_merge_blame_file/debug/processDebugMainManifest/manifest-merger-blame-debug-report.txt
1<?xml version="1.0" encoding="utf-8"?>
2<manifest xmlns:android="http://schemas.android.com/apk/res/android"
3    package="com.example.oracoreaiapp"
4    android:versionCode="1"
5    android:versionName="1.0" >
6
7    <uses-sdk
8        android:minSdkVersion="23"
9        android:targetSdkVersion="34" />
10
11    <!-- Internet permission for WebView -->
12    <uses-permission android:name="android.permission.INTERNET" />
12-->src\main\AndroidManifest.xml:6:5-67
12-->src\main\AndroidManifest.xml:6:22-64
13    <uses-permission android:name="android.permission.ACCESS_NETWORK_STATE" />
13-->src\main\AndroidManifest.xml:7:5-79
13-->src\main\AndroidManifest.xml:7:22-76
14
15    <!-- Biometric permission -->
16    <uses-permission android:name="android.permission.USE_BIOMETRIC" />
16-->src\main\AndroidManifest.xml:10:5-72
16-->src\main\AndroidManifest.xml:10:22-69
17
18    <!-- Wake lock permission for keep-alive behavior -->
19    <uses-permission android:name="android.permission.WAKE_LOCK" />
19-->src\main\AndroidManifest.xml:13:5-68
19-->src\main\AndroidManifest.xml:13:22-65
20
21    <!-- Foreground service permission for Android 9+ -->
22    <uses-permission android:name="android.permission.FOREGROUND_SERVICE" />
22-->src\main\AndroidManifest.xml:16:5-77
22-->src\main\AndroidManifest.xml:16:22-74
23
24    <!-- Battery optimization permissions -->
25    <uses-permission android:name="android.permission.REQUEST_IGNORE_BATTERY_OPTIMIZATIONS" />
25-->src\main\AndroidManifest.xml:19:5-95
25-->src\main\AndroidManifest.xml:19:22-92
26
27    <!-- Audio background permissions -->
28    <uses-permission android:name="android.permission.FOREGROUND_SERVICE_MICROPHONE" />
28-->src\main\AndroidManifest.xml:22:5-88
28-->src\main\AndroidManifest.xml:22:22-85
29    <uses-permission android:name="android.permission.HIGH_SAMPLING_RATE_SENSORS" />
29-->src\main\AndroidManifest.xml:23:5-85
29-->src\main\AndroidManifest.xml:23:22-82
30
31    <!-- Optional permissions that MainActivity requests -->
32    <uses-permission android:name="android.permission.RECORD_AUDIO" />
32-->src\main\AndroidManifest.xml:26:5-71
32-->src\main\AndroidManifest.xml:26:22-68
33    <uses-permission android:name="android.permission.READ_EXTERNAL_STORAGE" />
33-->src\main\AndroidManifest.xml:27:5-80
33-->src\main\AndroidManifest.xml:27:22-77
34    <uses-permission android:name="android.permission.MICROPHONE" />
34-->src\main\AndroidManifest.xml:28:5-69
34-->src\main\AndroidManifest.xml:28:22-66
35    <uses-permission android:name="android.permission.MODIFY_AUDIO_SETTINGS" />
35-->src\main\AndroidManifest.xml:29:5-80
35-->src\main\AndroidManifest.xml:29:22-77
36
37    <uses-feature android:name="android.hardware.audio.low_latency" />
37-->src\main\AndroidManifest.xml:30:5-71
37-->src\main\AndroidManifest.xml:30:19-68
38    <uses-feature android:name="android.hardware.audio.pro" />
38-->src\main\AndroidManifest.xml:31:5-63
38-->src\main\AndroidManifest.xml:31:19-60
39    <uses-feature android:name="android.hardware.microphone" />
39-->src\main\AndroidManifest.xml:32:5-63
39-->src\main\AndroidManifest.xml:32:19-61
40
41    <!-- suppress DeprecatedClassUsageInspection -->
42    <uses-permission android:name="android.permission.USE_FINGERPRINT" />
42-->[androidx.biometric:biometric:1.1.0] AndroidManifest.xml:27:5-74
42-->[androidx.biometric:biometric:1.1.0] AndroidManifest.xml:27:22-71
43
44    <permission
44-->[androidx.core:core:1.12.0] AndroidManifest.xml:22:5-24:47
45        android:name="com.example.oracoreaiapp.DYNAMIC_RECEIVER_NOT_EXPORTED_PERMISSION"
45-->[androidx.core:core:1.12.0] AndroidManifest.xml:23:9-81
46        android:protectionLevel="signature" />
46-->[androidx.core:core:1.12.0] AndroidManifest.xml:24:9-44
47
48    <uses-permission android:name="com.example.oracoreaiapp.DYNAMIC_RECEIVER_NOT_EXPORTED_PERMISSION" />
48-->[androidx.core:core:1.12.0] AndroidManifest.xml:26:5-97
48-->[androidx.core:core:1.12.0] AndroidManifest.xml:26:22-94
49
50    <application
50-->src\main\AndroidManifest.xml:34:5-59:19
51        android:allowBackup="true"
51-->src\main\AndroidManifest.xml:35:9-35
52        android:appComponentFactory="androidx.core.app.CoreComponentFactory"
52-->[androidx.core:core:1.12.0] AndroidManifest.xml:28:18-86
53        android:debuggable="true"
54        android:extractNativeLibs="false"
55        android:icon="@mipmap/ic_launcher"
55-->src\main\AndroidManifest.xml:36:9-43
56        android:label="@string/app_name"
56-->src\main\AndroidManifest.xml:37:9-41
57        android:testOnly="true"
58        android:theme="@style/Theme.AppCompat.Light.DarkActionBar"
58-->src\main\AndroidManifest.xml:38:9-67
59        android:usesCleartextTraffic="true" >
59-->src\main\AndroidManifest.xml:39:9-44
60        <activity
60-->src\main\AndroidManifest.xml:41:9-50:20
61            android:name="com.example.oracoreaiapp.MainActivity"
61-->src\main\AndroidManifest.xml:42:13-41
62            android:configChanges="orientation|keyboardHidden|screenSize"
62-->src\main\AndroidManifest.xml:43:13-74
63            android:exported="true"
63-->src\main\AndroidManifest.xml:45:13-36
64            android:launchMode="singleTop" >
64-->src\main\AndroidManifest.xml:44:13-43
65            <intent-filter>
65-->src\main\AndroidManifest.xml:46:13-49:29
66                <action android:name="android.intent.action.MAIN" />
66-->src\main\AndroidManifest.xml:47:17-69
66-->src\main\AndroidManifest.xml:47:25-66
67
68                <category android:name="android.intent.category.LAUNCHER" />
68-->src\main\AndroidManifest.xml:48:17-77
68-->src\main\AndroidManifest.xml:48:27-74
69            </intent-filter>
70        </activity>
71
72        <!-- Foreground service to keep app alive -->
73        <service
73-->src\main\AndroidManifest.xml:53:9-57:67
74            android:name="com.example.oracoreaiapp.WebViewService"
74-->src\main\AndroidManifest.xml:54:13-43
75            android:enabled="true"
75-->src\main\AndroidManifest.xml:55:13-35
76            android:exported="false"
76-->src\main\AndroidManifest.xml:56:13-37
77            android:foregroundServiceType="dataSync|microphone" />
77-->src\main\AndroidManifest.xml:57:13-64
78
79        <provider
79-->[androidx.emoji2:emoji2:1.2.0] AndroidManifest.xml:24:9-32:20
80            android:name="androidx.startup.InitializationProvider"
80-->[androidx.emoji2:emoji2:1.2.0] AndroidManifest.xml:25:13-67
81            android:authorities="com.example.oracoreaiapp.androidx-startup"
81-->[androidx.emoji2:emoji2:1.2.0] AndroidManifest.xml:26:13-68
82            android:exported="false" >
82-->[androidx.emoji2:emoji2:1.2.0] AndroidManifest.xml:27:13-37
83            <meta-data
83-->[androidx.emoji2:emoji2:1.2.0] AndroidManifest.xml:29:13-31:52
84                android:name="androidx.emoji2.text.EmojiCompatInitializer"
84-->[androidx.emoji2:emoji2:1.2.0] AndroidManifest.xml:30:17-75
85                android:value="androidx.startup" />
85-->[androidx.emoji2:emoji2:1.2.0] AndroidManifest.xml:31:17-49
86            <meta-data
86-->[androidx.lifecycle:lifecycle-process:2.6.1] AndroidManifest.xml:29:13-31:52
87                android:name="androidx.lifecycle.ProcessLifecycleInitializer"
87-->[androidx.lifecycle:lifecycle-process:2.6.1] AndroidManifest.xml:30:17-78
88                android:value="androidx.startup" />
88-->[androidx.lifecycle:lifecycle-process:2.6.1] AndroidManifest.xml:31:17-49
89            <meta-data
89-->[androidx.profileinstaller:profileinstaller:1.3.0] AndroidManifest.xml:29:13-31:52
90                android:name="androidx.profileinstaller.ProfileInstallerInitializer"
90-->[androidx.profileinstaller:profileinstaller:1.3.0] AndroidManifest.xml:30:17-85
91                android:value="androidx.startup" />
91-->[androidx.profileinstaller:profileinstaller:1.3.0] AndroidManifest.xml:31:17-49
92        </provider>
93
94        <receiver
94-->[androidx.profileinstaller:profileinstaller:1.3.0] AndroidManifest.xml:34:9-52:20
95            android:name="androidx.profileinstaller.ProfileInstallReceiver"
95-->[androidx.profileinstaller:profileinstaller:1.3.0] AndroidManifest.xml:35:13-76
96            android:directBootAware="false"
96-->[androidx.profileinstaller:profileinstaller:1.3.0] AndroidManifest.xml:36:13-44
97            android:enabled="true"
97-->[androidx.profileinstaller:profileinstaller:1.3.0] AndroidManifest.xml:37:13-35
98            android:exported="true"
98-->[androidx.profileinstaller:profileinstaller:1.3.0] AndroidManifest.xml:38:13-36
99            android:permission="android.permission.DUMP" >
99-->[androidx.profileinstaller:profileinstaller:1.3.0] AndroidManifest.xml:39:13-57
100            <intent-filter>
100-->[androidx.profileinstaller:profileinstaller:1.3.0] AndroidManifest.xml:40:13-42:29
101                <action android:name="androidx.profileinstaller.action.INSTALL_PROFILE" />
101-->[androidx.profileinstaller:profileinstaller:1.3.0] AndroidManifest.xml:41:17-91
101-->[androidx.profileinstaller:profileinstaller:1.3.0] AndroidManifest.xml:41:25-88
102            </intent-filter>
103            <intent-filter>
103-->[androidx.profileinstaller:profileinstaller:1.3.0] AndroidManifest.xml:43:13-45:29
104                <action android:name="androidx.profileinstaller.action.SKIP_FILE" />
104-->[androidx.profileinstaller:profileinstaller:1.3.0] AndroidManifest.xml:44:17-85
104-->[androidx.profileinstaller:profileinstaller:1.3.0] AndroidManifest.xml:44:25-82
105            </intent-filter>
106            <intent-filter>
106-->[androidx.profileinstaller:profileinstaller:1.3.0] AndroidManifest.xml:46:13-48:29
107                <action android:name="androidx.profileinstaller.action.SAVE_PROFILE" />
107-->[androidx.profileinstaller:profileinstaller:1.3.0] AndroidManifest.xml:47:17-88
107-->[androidx.profileinstaller:profileinstaller:1.3.0] AndroidManifest.xml:47:25-85
108            </intent-filter>
109            <intent-filter>
109-->[androidx.profileinstaller:profileinstaller:1.3.0] AndroidManifest.xml:49:13-51:29
110                <action android:name="androidx.profileinstaller.action.BENCHMARK_OPERATION" />
110-->[androidx.profileinstaller:profileinstaller:1.3.0] AndroidManifest.xml:50:17-95
110-->[androidx.profileinstaller:profileinstaller:1.3.0] AndroidManifest.xml:50:25-92
111            </intent-filter>
112        </receiver>
113    </application>
114
115</manifest>